Building DAG of jobs...
Using shell: /usr/bin/bash
Provided cores: 4
Rules claiming more threads will be scaled down.
Job stats:
job          count    min threads    max threads
---------  -------  -------------  -------------
align            1              1              1
all              1              1              1
ancestral        1              1              1
export           1              1              1
filter           1              1              1
refine           1              1              1
traits           1              1              1
translate        1              1              1
tree             1              4              4
total            9              1              4

Select jobs to execute...

[Thu Sep 25 15:27:22 2025]
Job 5: 
        Filtering to
          - 20 sequence(s) per state year
          - from 2009 onwards
        
Reason: Updated input files: data/metadata.tsv

[Thu Sep 25 15:27:23 2025]
Finished job 5.
1 of 9 steps (11%) done
Select jobs to execute...

[Thu Sep 25 15:27:23 2025]
Job 4: 
        Aligning sequences to config/reference.fasta
          - filling gaps with N
        
Reason: Input files updated by another job: results/filtered.fasta

[Thu Sep 25 15:27:26 2025]
Finished job 4.
2 of 9 steps (22%) done
Select jobs to execute...

[Thu Sep 25 15:27:26 2025]
Job 3: Building tree
Reason: Input files updated by another job: results/aligned.fasta

[Thu Sep 25 15:27:27 2025]
Finished job 3.
3 of 9 steps (33%) done
Select jobs to execute...

[Thu Sep 25 15:27:27 2025]
Job 2: 
        Refining tree
          - estimate timetree
          - use opt coalescent timescale
          - estimate marginal node dates
          - filter tips more than 4 IQDs from clock expectation
        
Reason: Input files updated by another job: results/tree_raw.nwk, results/aligned.fasta

[Thu Sep 25 15:27:40 2025]
Finished job 2.
4 of 9 steps (44%) done
Select jobs to execute...

[Thu Sep 25 15:27:40 2025]
Job 7: Inferring ancestral traits for state country
Reason: Input files updated by another job: results/tree.nwk


[Thu Sep 25 15:27:40 2025]
Job 8: Reconstructing ancestral sequences and mutations
Reason: Input files updated by another job: results/tree.nwk, results/aligned.fasta

[Thu Sep 25 15:27:41 2025]
Finished job 7.
5 of 9 steps (56%) done
[Thu Sep 25 15:27:42 2025]
Finished job 8.
6 of 9 steps (67%) done
Select jobs to execute...

[Thu Sep 25 15:27:42 2025]
Job 9: Translating amino acid sequences
Reason: Input files updated by another job: results/nt_muts.json, results/tree.nwk

[Thu Sep 25 15:27:42 2025]
Finished job 9.
7 of 9 steps (78%) done
Select jobs to execute...

[Thu Sep 25 15:27:42 2025]
Job 1: Exporting data files for for auspice
Reason: Input files updated by another job: results/nt_muts.json, results/traits.json, results/branch_lengths.json, results/aa_muts.json, results/tree.nwk

[Thu Sep 25 15:27:43 2025]
Finished job 1.
8 of 9 steps (89%) done
Select jobs to execute...

[Thu Sep 25 15:27:43 2025]
localrule all:
    input: auspice/heartland.json
    jobid: 0
    reason: Input files updated by another job: auspice/heartland.json
    resources: tmpdir=/tmp

[Thu Sep 25 15:27:43 2025]
Finished job 0.
9 of 9 steps (100%) done
Complete log: .snakemake/log/2025-09-25T152722.312530.snakemake.log
