Building DAG of jobs...
Using shell: /usr/bin/bash
Provided cores: 4
Rules claiming more threads will be scaled down.
Job stats:
job          count    min threads    max threads
---------  -------  -------------  -------------
all              1              1              1
ancestral        1              1              1
export           1              1              1
refine           1              1              1
traits           1              1              1
translate        1              1              1
total            6              1              1

Select jobs to execute...

[Thu Sep 25 13:07:30 2025]
Job 2: 
        Refining tree
          - estimate timetree
          - use opt coalescent timescale
          - estimate marginal node dates
          - filter tips more than 4 IQDs from clock expectation
        
Reason: Missing output files: results/branch_lengths.json, results/tree.nwk

[Thu Sep 25 13:07:46 2025]
Finished job 2.
1 of 6 steps (17%) done
Select jobs to execute...

[Thu Sep 25 13:07:46 2025]
Job 7: Inferring ancestral traits for state country
Reason: Input files updated by another job: results/tree.nwk


[Thu Sep 25 13:07:46 2025]
Job 8: Reconstructing ancestral sequences and mutations
Reason: Input files updated by another job: results/tree.nwk

[Thu Sep 25 13:07:47 2025]
Finished job 7.
2 of 6 steps (33%) done
[Thu Sep 25 13:07:47 2025]
Finished job 8.
3 of 6 steps (50%) done
Select jobs to execute...

[Thu Sep 25 13:07:47 2025]
Job 9: Translating amino acid sequences
Reason: Input files updated by another job: results/nt_muts.json, results/tree.nwk

[Thu Sep 25 13:07:48 2025]
Finished job 9.
4 of 6 steps (67%) done
Select jobs to execute...

[Thu Sep 25 13:07:48 2025]
Job 1: Exporting data files for for auspice
Reason: Updated input files: config/lat_longs.tsv, config/colors.tsv; Input files updated by another job: results/nt_muts.json, results/tree.nwk, results/branch_lengths.json, results/traits.json, results/aa_muts.json

[Thu Sep 25 13:07:48 2025]
Finished job 1.
5 of 6 steps (83%) done
Select jobs to execute...

[Thu Sep 25 13:07:48 2025]
localrule all:
    input: auspice/heartland.json
    jobid: 0
    reason: Input files updated by another job: auspice/heartland.json
    resources: tmpdir=/tmp

[Thu Sep 25 13:07:48 2025]
Finished job 0.
6 of 6 steps (100%) done
Complete log: .snakemake/log/2025-09-25T130730.547727.snakemake.log
