Building DAG of jobs...
Using shell: /usr/bin/bash
Provided cores: 4
Rules claiming more threads will be scaled down.
Job stats:
job          count    min threads    max threads
---------  -------  -------------  -------------
align            1              1              1
all              1              1              1
ancestral        1              1              1
export           1              1              1
refine           1              1              1
traits           1              1              1
translate        1              1              1
tree             1              4              4
total            8              1              4

Select jobs to execute...

[Thu Sep 25 13:01:39 2025]
Job 4: 
        Aligning sequences to config/reference.fasta
          - filling gaps with N
        
Reason: Missing output files: results/aligned.fasta; Updated input files: results/filtered.fasta, config/reference.fasta

[Thu Sep 25 13:01:43 2025]
Finished job 4.
1 of 8 steps (12%) done
Select jobs to execute...

[Thu Sep 25 13:01:43 2025]
Job 3: Building tree
Reason: Input files updated by another job: results/aligned.fasta

[Thu Sep 25 13:01:44 2025]
Finished job 3.
2 of 8 steps (25%) done
Select jobs to execute...

[Thu Sep 25 13:01:44 2025]
Job 2: 
        Refining tree
          - estimate timetree
          - use exp coalescent timescale
          - estimate marginal node dates
          - filter tips more than 4 IQDs from clock expectation
        
Reason: Input files updated by another job: results/tree_raw.nwk, results/aligned.fasta

[Thu Sep 25 13:01:59 2025]
Finished job 2.
3 of 8 steps (38%) done
Select jobs to execute...

[Thu Sep 25 13:01:59 2025]
Job 7: Inferring ancestral traits for state country
Reason: Input files updated by another job: results/tree.nwk


[Thu Sep 25 13:01:59 2025]
Job 8: Reconstructing ancestral sequences and mutations
Reason: Input files updated by another job: results/aligned.fasta, results/tree.nwk

[Thu Sep 25 13:02:00 2025]
Finished job 7.
4 of 8 steps (50%) done
[Thu Sep 25 13:02:00 2025]
Finished job 8.
5 of 8 steps (62%) done
Select jobs to execute...

[Thu Sep 25 13:02:00 2025]
Job 9: Translating amino acid sequences
Reason: Input files updated by another job: results/nt_muts.json, results/tree.nwk

[Thu Sep 25 13:02:01 2025]
Finished job 9.
6 of 8 steps (75%) done
Select jobs to execute...

[Thu Sep 25 13:02:01 2025]
Job 1: Exporting data files for for auspice
Reason: Input files updated by another job: results/branch_lengths.json, results/traits.json, results/aa_muts.json, results/nt_muts.json, results/tree.nwk

[Thu Sep 25 13:02:02 2025]
Finished job 1.
7 of 8 steps (88%) done
Select jobs to execute...

[Thu Sep 25 13:02:02 2025]
localrule all:
    input: auspice/heartland.json
    jobid: 0
    reason: Input files updated by another job: auspice/heartland.json
    resources: tmpdir=/tmp

[Thu Sep 25 13:02:02 2025]
Finished job 0.
8 of 8 steps (100%) done
Complete log: .snakemake/log/2025-09-25T130139.221248.snakemake.log
