Building DAG of jobs...
Using shell: /usr/bin/bash
Provided cores: 8
Rules claiming more threads will be scaled down.
Job stats:
job          count    min threads    max threads
---------  -------  -------------  -------------
all              1              1              1
ancestral        1              1              1
export           1              1              1
refine           1              1              1
traits           1              1              1
translate        1              1              1
total            6              1              1

Select jobs to execute...

[Thu Sep 25 11:44:11 2025]
Job 2: 
        Refining tree
          - estimate timetree
          - use exp coalescent timescale
          - estimate marginal node dates
          - filter tips more than 4 IQDs from clock expectation
        
Reason: Missing output files: results/tree.nwk, results/branch_lengths.json; Updated input files: data/metadata.tsv, results/tree_raw.nwk, results/aligned.fasta

[Thu Sep 25 11:44:25 2025]
Finished job 2.
1 of 6 steps (17%) done
Select jobs to execute...

[Thu Sep 25 11:44:25 2025]
Job 7: Inferring ancestral traits for state country
Reason: Input files updated by another job: results/tree.nwk


[Thu Sep 25 11:44:25 2025]
Job 8: Reconstructing ancestral sequences and mutations
Reason: Input files updated by another job: results/tree.nwk

[Thu Sep 25 11:44:26 2025]
Finished job 7.
2 of 6 steps (33%) done
[Thu Sep 25 11:44:27 2025]
Finished job 8.
3 of 6 steps (50%) done
Select jobs to execute...

[Thu Sep 25 11:44:27 2025]
Job 9: Translating amino acid sequences
Reason: Input files updated by another job: results/tree.nwk, results/nt_muts.json

[Thu Sep 25 11:44:27 2025]
Error in rule translate:
    jobid: 9
    output: results/aa_muts.json
    shell:
        
        augur translate             --tree results/tree.nwk             --ancestral-sequences results/nt_muts.json             --reference-sequence config/reference.fasta             --output-node-data results/aa_muts.json         
        (one of the commands exited with non-zero exit code; note that snakemake uses bash strict mode!)

Shutting down, this might take some time.
Exiting because a job execution failed. Look above for error message
Complete log: .snakemake/log/2025-09-25T114411.424071.snakemake.log
