Building DAG of jobs...
Using shell: /usr/bin/bash
Provided cores: 8
Rules claiming more threads will be scaled down.
Job stats:
job          count    min threads    max threads
---------  -------  -------------  -------------
all              1              1              1
ancestral        1              1              1
export           1              1              1
refine           1              1              1
traits           1              1              1
translate        1              1              1
tree             1              8              8
total            7              1              8

Select jobs to execute...

[Thu Sep 25 11:24:58 2025]
Job 3: Building tree
Reason: Missing output files: results/tree_raw.nwk; Updated input files: results/aligned.fasta

[Thu Sep 25 11:24:59 2025]
Finished job 3.
1 of 7 steps (14%) done
Select jobs to execute...

[Thu Sep 25 11:24:59 2025]
Job 2: 
        Refining tree
          - estimate timetree
          - use opt coalescent timescale
          - estimate marginal node dates
          - filter tips more than 4 IQDs from clock expectation
        
Reason: Input files updated by another job: results/tree_raw.nwk

[Thu Sep 25 11:25:00 2025]
Error in rule refine:
    jobid: 2
    output: results/tree.nwk, results/branch_lengths.json
    shell:
        
        augur refine             --tree results/tree_raw.nwk             --alignment results/aligned.fasta             --metadata data/metadata.tsv             --output-tree results/tree.nwk             --output-node-data results/branch_lengths.json             --timetree             --coalescent opt             --date-confidence             --date-inference marginal             --clock-filter-iqd 4
        
        (one of the commands exited with non-zero exit code; note that snakemake uses bash strict mode!)

Shutting down, this might take some time.
Exiting because a job execution failed. Look above for error message
Complete log: .snakemake/log/2025-09-25T112458.098805.snakemake.log
