Building DAG of jobs...
Using shell: /usr/bin/bash
Provided cores: 4
Rules claiming more threads will be scaled down.
Job stats:
job       count    min threads    max threads
------  -------  -------------  -------------
all           1              1              1
export        1              1              1
total         2              1              1

Select jobs to execute...

[Thu Sep 25 15:21:25 2025]
Job 1: Exporting data files for for auspice
Reason: Updated input files: config/lat_longs.tsv

[Thu Sep 25 15:21:26 2025]
Finished job 1.
1 of 2 steps (50%) done
Select jobs to execute...

[Thu Sep 25 15:21:26 2025]
localrule all:
    input: auspice/heartland.json
    jobid: 0
    reason: Input files updated by another job: auspice/heartland.json
    resources: tmpdir=/tmp

[Thu Sep 25 15:21:26 2025]
Finished job 0.
2 of 2 steps (100%) done
Complete log: .snakemake/log/2025-09-25T152125.139014.snakemake.log
