Building DAG of jobs...
Using shell: /usr/bin/bash
Provided cores: 10
Rules claiming more threads will be scaled down.
Job stats:
job                count    min threads    max threads
---------------  -------  -------------  -------------
align                  1              1              1
all                    1              1              1
ancestral              1              1              1
export                 1              1              1
filter                 1              1              1
index_sequences        1              1              1
refine                 1              1              1
traits                 1              1              1
translate              1              1              1
tree                   1             10             10
total                 10              1             10

Select jobs to execute...

[Thu Dec 11 12:44:13 2025]
Job 6: 
        Creating an index of sequence composition for filtering.
        
Reason: Missing output files: results/sequence_index.tsv

[Thu Dec 11 12:44:14 2025]
Finished job 6.
1 of 10 steps (10%) done
Select jobs to execute...

[Thu Dec 11 12:44:14 2025]
Job 5: 
        Filtering to
          - 10 sequence(s) per country year
          - from 1950 onwards
        
Reason: Missing output files: results/filtered.fasta; Input files updated by another job: results/sequence_index.tsv

[Thu Dec 11 12:44:15 2025]
Finished job 5.
2 of 10 steps (20%) done
Select jobs to execute...

[Thu Dec 11 12:44:15 2025]
Job 4: 
        Aligning sequences to config/reference.fasta
          - filling gaps with N
        
Reason: Missing output files: results/aligned.fasta; Input files updated by another job: results/filtered.fasta

[Thu Dec 11 12:44:16 2025]
Finished job 4.
3 of 10 steps (30%) done
Select jobs to execute...

[Thu Dec 11 12:44:16 2025]
Job 3: Building tree
Reason: Missing output files: results/tree_raw.nwk; Input files updated by another job: results/aligned.fasta

[Thu Dec 11 12:44:17 2025]
Finished job 3.
4 of 10 steps (40%) done
Select jobs to execute...

[Thu Dec 11 12:44:17 2025]
Job 2: 
        Refining tree
          - estimate timetree
          - use opt coalescent timescale
          - estimate marginal node dates
          - filter tips more than 4 IQDs from clock expectation
        
Reason: Missing output files: results/branch_lengths.json, results/tree.nwk; Input files updated by another job: results/tree_raw.nwk, results/aligned.fasta

[Thu Dec 11 12:44:24 2025]
Finished job 2.
5 of 10 steps (50%) done
Select jobs to execute...

[Thu Dec 11 12:44:24 2025]
Job 7: Inferring ancestral traits for state country
Reason: Missing output files: results/traits.json; Input files updated by another job: results/tree.nwk


[Thu Dec 11 12:44:24 2025]
Job 8: Reconstructing ancestral sequences and mutations
Reason: Missing output files: results/nt_muts.json; Input files updated by another job: results/aligned.fasta, results/tree.nwk

[Thu Dec 11 12:44:25 2025]
Finished job 7.
6 of 10 steps (60%) done
[Thu Dec 11 12:44:25 2025]
Finished job 8.
7 of 10 steps (70%) done
Select jobs to execute...

[Thu Dec 11 12:44:25 2025]
Job 9: Translating amino acid sequences
Reason: Missing output files: results/aa_muts.json; Input files updated by another job: results/tree.nwk, results/nt_muts.json

[Thu Dec 11 12:44:25 2025]
Finished job 9.
8 of 10 steps (80%) done
Select jobs to execute...

[Thu Dec 11 12:44:25 2025]
Job 1: Exporting data files for for auspice
Reason: Missing output files: auspice/cache_valley.json; Input files updated by another job: results/branch_lengths.json, results/tree.nwk, results/nt_muts.json, results/aa_muts.json, results/traits.json

[Thu Dec 11 12:44:26 2025]
Finished job 1.
9 of 10 steps (90%) done
Select jobs to execute...

[Thu Dec 11 12:44:26 2025]
localrule all:
    input: auspice/cache_valley.json
    jobid: 0
    reason: Input files updated by another job: auspice/cache_valley.json
    resources: tmpdir=/tmp

[Thu Dec 11 12:44:26 2025]
Finished job 0.
10 of 10 steps (100%) done
Complete log: .snakemake/log/2025-12-11T124413.730450.snakemake.log
